Arguments: 
  /usr/local/bin/node /usr/share/yarn/bin/yarn.js build

PATH: 
  /home/mrhorse/bin:/home/mrhorse/.local/bin:/usr/local/sbin:/usr/local/bin:/usr/sbin:/usr/bin:/sbin:/bin:/usr/games:/usr/local/games:/snap/bin

Yarn version: 
  1.5.1

Node version: 
  9.7.1

Platform: 
  linux x64

npm manifest: 
  {
    "name": "CimaP3",
    "version": "0.1.0",
    "description": "A small project for converting youtube to mp3",
    "main": "index.js",
    "repository": {
      "type": "git",
      "url": "git+https://github.com/saulflores95/youtubetomp3.git"
    },
    "author": "MrHorse",
    "license": "MIT",
    "bugs": {
      "url": "https://github.com/saulflores95/youtubetomp3/issues"
    },
    "homepage": "https://github.com/saulflores95/youtubetomp3#readme",
    "scripts": {
      "dev": "node server.js",
      "build": "next build",
      "start": "NODE_ENV=production node server.js",
      "mon": "nodemon server.js",
      "standard": "standard"
    },
    "dependencies": {
      "@ffmpeg-installer/ffmpeg": "^1.0.13",
      "axios": "^0.18.0",
      "cors": "^2.8.4",
      "express": "^4.14.0",
      "fluent-ffmpeg": "^2.1.2",
      "next": "^5.0.0",
      "path": "^0.12.7",
      "react": "^16.2.0",
      "react-dom": "^16.2.0",
      "react-grid-system": "^3.1.2",
      "standard": "^11.0.0",
      "ytdl-core": "^0.20.2"
    },
    "devDependencies": {
      "nodemon": "^1.17.1"
    }
  }

yarn manifest: 
  No manifest

Lockfile: 
  No lockfile

Trace: 
  Error: Command failed.
  Exit code: 1
  Command: sh
  Arguments: -c next build
  Directory: /home/mrhorse/Desktop/github/youtubetomp3
  Output:
  
      at ProcessTermError.MessageError (/usr/share/yarn/lib/cli.js:186:110)
      at new ProcessTermError (/usr/share/yarn/lib/cli.js:226:113)
      at ChildProcess.<anonymous> (/usr/share/yarn/lib/cli.js:30281:17)
      at ChildProcess.emit (events.js:127:13)
      at maybeClose (internal/child_process.js:936:16)
      at Process.ChildProcess._handle.onexit (internal/child_process.js:220:5)
